<?xml version="1.0" encoding="UTF-8"?>
<!-- Generated by org.testng.reporters.JUnitReportReporter -->
<testsuite hostname="LAPTOP-PVIVP30C" failures="0" tests="6" name="day2.DiffWaysToCreatePostRequestBody" time="6.023" errors="0" timestamp="2024-05-21T00:23:07 ART" skipped="0">
  <testcase classname="day2.DiffWaysToCreatePostRequestBody" name="testPostusingHashMap" time="5.498"/>
  <testcase classname="day2.DiffWaysToCreatePostRequestBody" name="deleteUser" time="0.072"/>
  <testcase classname="day2.DiffWaysToCreatePostRequestBody" name="testPostusingJsonLib" time="0.128"/>
  <testcase classname="day2.DiffWaysToCreatePostRequestBody" name="deleteUser2" time="0.023"/>
  <testcase classname="day2.DiffWaysToCreatePostRequestBody" name="testPostusingPOJO" time="0.191"/>
  <testcase classname="day2.DiffWaysToCreatePostRequestBody" name="testPostusingExternalJsonFile" time="0.111"/>
</testsuite> <!-- day2.DiffWaysToCreatePostRequestBody -->
