<?xml version="1.0" encoding="UTF-8"?>
<!-- Generated by org.testng.reporters.JUnitReportReporter -->
<testsuite hostname="LAPTOP-PVIVP30C" failures="0" tests="4" name="day1.HTTPRequest" time="3.702" errors="0" timestamp="2024-05-19T22:04:11 ART" skipped="0">
  <testcase classname="day1.HTTPRequest" name="getUsers" time="0.721"/>
  <testcase classname="day1.HTTPRequest" name="createUser" time="1.694"/>
  <testcase classname="day1.HTTPRequest" name="updateUser" time="0.649"/>
  <testcase classname="day1.HTTPRequest" name="deleteUser" time="0.638"/>
</testsuite> <!-- day1.HTTPRequest -->
