<?xml version="1.0" encoding="UTF-8"?>
<!-- Generated by org.testng.reporters.JUnitReportReporter -->
<testsuite hostname="LAPTOP-PVIVP30C" failures="0" tests="1" name="day3.headersDemo" time="4.552" errors="0" timestamp="2024-05-23T00:08:37 ART" skipped="0">
  <testcase classname="day3.headersDemo" name="testHeaders" time="4.552"/>
</testsuite> <!-- day3.headersDemo -->
