<?xml version="1.0" encoding="UTF-8"?>
<!-- Generated by org.testng.reporters.JUnitReportReporter -->
<testsuite hostname="LAPTOP-PVIVP30C" failures="0" tests="4" name="day1.HTTPRequest" time="9.117" errors="0" timestamp="2024-05-08T11:54:24 ART" skipped="0">
  <testcase classname="day1.HTTPRequest" name="getUsers" time="6.093"/>
  <testcase classname="day1.HTTPRequest" name="createUser" time="1.450"/>
  <testcase classname="day1.HTTPRequest" name="updateUser" time="0.799"/>
  <testcase classname="day1.HTTPRequest" name="deleteUser" time="0.775"/>
</testsuite> <!-- day1.HTTPRequest -->
