<?xml version="1.0" encoding="UTF-8"?>
<!-- Generated by org.testng.reporters.JUnitReportReporter -->
<testsuite hostname="LAPTOP-PVIVP30C" failures="0" tests="1" name="day3.pathAndQueryParameters" time="0.628" errors="0" timestamp="2024-05-22T23:52:56 ART" skipped="0">
  <testcase classname="day3.pathAndQueryParameters" name="testQueryAndPathParameters" time="0.628"/>
</testsuite> <!-- day3.pathAndQueryParameters -->
