<?xml version="1.0" encoding="UTF-8"?>
<!-- Generated by org.testng.reporters.JUnitReportReporter -->
<testsuite hostname="LAPTOP-PVIVP30C" failures="0" tests="1" name="day3.cookiesDemo" time="0.244" errors="0" timestamp="2024-05-22T23:52:56 ART" skipped="0">
  <testcase classname="day3.cookiesDemo" name="getCookiesInfo" time="0.244"/>
</testsuite> <!-- day3.cookiesDemo -->
